<?xml version="1.0" encoding="UTF-8"?>
<testng-results ignored="0" total="1" passed="1" failed="0" skipped="0">
  <reporter-output>
  </reporter-output>
  <suite started-at="2023-09-14T23:45:11 IST" name="Default suite" finished-at="2023-09-14T23:45:20 IST" duration-ms="8557">
    <groups>
    </groups>
    <test started-at="2023-09-14T23:45:11 IST" name="Default test" finished-at="2023-09-14T23:45:20 IST" duration-ms="8557">
      <class name="selTest.extentSnapshot.ExtentReportDemo">
        <test-method is-config="true" signature="Config()[pri:0, instance:selTest.extentSnapshot.ExtentReportDemo@34123d65]" started-at="2023-09-14T23:45:11 IST" name="Config" finished-at="2023-09-14T23:45:12 IST" duration-ms="496" status="PASS">
          <reporter-output>
          </reporter-output>
        </test-method> <!-- Config -->
        <test-method signature="InitTest()[pri:0, instance:selTest.extentSnapshot.ExtentReportDemo@34123d65]" started-at="2023-09-14T23:45:12 IST" name="InitTest" finished-at="2023-09-14T23:45:20 IST" duration-ms="8008" status="PASS">
          <reporter-output>
          </reporter-output>
        </test-method> <!-- InitTest -->
      </class> <!-- selTest.extentSnapshot.ExtentReportDemo -->
    </test> <!-- Default test -->
  </suite> <!-- Default suite -->
</testng-results>
